Started by user Andre Boerger
Running as SYSTEM
Building in workspace /var/jenkins_home/workspace/project-udacity
using credential e4a40f82-996e-4d54-b0c3-96d946eb38c7
 > git rev-parse --is-inside-work-tree # timeout=10
Fetching changes from the remote Git repository
 > git config remote.origin.url https://github.com/karvulf/JDND.git # timeout=10
Fetching upstream changes from https://github.com/karvulf/JDND.git
 > git --version # timeout=10
 > git --version # 'git version 2.20.4'
using GIT_SSH to set credentials
 > git fetch --tags --force --progress -- https://github.com/karvulf/JDND.git +refs/heads/*:refs/remotes/origin/* # timeout=10
 > git rev-parse refs/remotes/origin/master^{commit} # timeout=10
 > git rev-parse refs/remotes/origin/origin/master^{commit} # timeout=10
Checking out Revision 3d56af327ed12ac8c24f858e4519463198dca5d8 (refs/remotes/origin/master)
 > git config core.sparsecheckout # timeout=10
 > git checkout -f 3d56af327ed12ac8c24f858e4519463198dca5d8 # timeout=10
Commit message: "splunk"
 > git rev-list --no-walk a5ebe9169a3be609f3c4789e9e3f7d2170254e25 # timeout=10
[project-udacity] $ mvn -f "projects/P04-eCommerce Application/starter_code/pom.xml" package
[INFO] Scanning for projects...
[INFO]
[INFO] ----------------------< com.example:auth-course >-----------------------
[INFO] Building auth-course 0.0.1-SNAPSHOT
[INFO] --------------------------------[ jar ]---------------------------------
Downloading from central: https://repo.maven.apache.org/maven2/org/springframework/boot/spring-boot-starter-log4j2/2.1.5.RELEASE/spring-boot-starter-log4j2-2.1.5.RELEASE.pom
Progress (1): 1.4/2.7 kB
Progress (1): 2.7 kB

Downloaded from central: https://repo.maven.apache.org/maven2/org/springframework/boot/spring-boot-starter-log4j2/2.1.5.RELEASE/spring-boot-starter-log4j2-2.1.5.RELEASE.pom (2.7 kB at 3.5 kB/s)
Downloading from central: https://repo.maven.apache.org/maven2/org/apache/logging/log4j/log4j-slf4j-impl/2.11.2/log4j-slf4j-impl-2.11.2.pom
Progress (1): 1.4/10 kB
Progress (1): 2.7/10 kB
Progress (1): 4.1/10 kB
Progress (1): 5.5/10 kB
Progress (1): 6.9/10 kB
Progress (1): 8.2/10 kB
Progress (1): 9.6/10 kB
Progress (1): 10 kB

Downloaded from central: https://repo.maven.apache.org/maven2/org/apache/logging/log4j/log4j-slf4j-impl/2.11.2/log4j-slf4j-impl-2.11.2.pom (10 kB at 317 kB/s)
Downloading from central: https://repo.maven.apache.org/maven2/org/apache/logging/log4j/log4j-core/2.11.2/log4j-core-2.11.2.pom
Progress (1): 1.4/23 kB
Progress (1): 2.7/23 kB
Progress (1): 4.1/23 kB
Progress (1): 5.5/23 kB
Progress (1): 6.9/23 kB
Progress (1): 8.2/23 kB
Progress (1): 9.6/23 kB
Progress (1): 11/23 kB
Progress (1): 12/23 kB
Progress (1): 14/23 kB
Progress (1): 15/23 kB
Progress (1): 16/23 kB
Progress (1): 18/23 kB
Progress (1): 19/23 kB
Progress (1): 21/23 kB
Progress (1): 22/23 kB
Progress (1): 23 kB

Downloaded from central: https://repo.maven.apache.org/maven2/org/apache/logging/log4j/log4j-core/2.11.2/log4j-core-2.11.2.pom (23 kB at 702 kB/s)
Downloading from central: https://repo.maven.apache.org/maven2/org/apache/logging/log4j/log4j-jul/2.11.2/log4j-jul-2.11.2.pom
Progress (1): 1.4/7.7 kB
Progress (1): 2.7/7.7 kB
Progress (1): 4.1/7.7 kB
Progress (1): 5.5/7.7 kB
Progress (1): 6.9/7.7 kB
Progress (1): 7.7 kB

Downloaded from central: https://repo.maven.apache.org/maven2/org/apache/logging/log4j/log4j-jul/2.11.2/log4j-jul-2.11.2.pom (7.7 kB at 295 kB/s)
Downloading from central: https://repo.maven.apache.org/maven2/org/springframework/boot/spring-boot-starter-log4j2/2.1.5.RELEASE/spring-boot-starter-log4j2-2.1.5.RELEASE.jar
Downloading from central: https://repo.maven.apache.org/maven2/org/apache/logging/log4j/log4j-slf4j-impl/2.11.2/log4j-slf4j-impl-2.11.2.jar
Downloading from central: https://repo.maven.apache.org/maven2/org/apache/logging/log4j/log4j-core/2.11.2/log4j-core-2.11.2.jar
Downloading from central: https://repo.maven.apache.org/maven2/org/apache/logging/log4j/log4j-jul/2.11.2/log4j-jul-2.11.2.jar
Progress (1): 407 B

Downloaded from central: https://repo.maven.apache.org/maven2/org/springframework/boot/spring-boot-starter-log4j2/2.1.5.RELEASE/spring-boot-starter-log4j2-2.1.5.RELEASE.jar (407 B at 8.7 kB/s)
Progress (1): 1.4/24 kB
Progress (2): 1.4/24 kB | 0/1.6 MB
Progress (2): 1.4/24 kB | 0/1.6 MB
Progress (2): 1.4/24 kB | 0/1.6 MB
Progress (3): 1.4/24 kB | 0/1.6 MB | 1.4/23 kB
Progress (3): 1.4/24 kB | 0/1.6 MB | 2.7/23 kB
Progress (3): 1.4/24 kB | 0/1.6 MB | 4.1/23 kB
Progress (3): 2.7/24 kB | 0/1.6 MB | 4.1/23 kB
Progress (3): 4.1/24 kB | 0/1.6 MB | 4.1/23 kB
Progress (3): 4.1/24 kB | 0/1.6 MB | 5.5/23 kB
Progress (3): 4.1/24 kB | 0/1.6 MB | 6.9/23 kB
Progress (3): 4.1/24 kB | 0/1.6 MB | 6.9/23 kB
Progress (3): 4.1/24 kB | 0/1.6 MB | 6.9/23 kB
Progress (3): 5.5/24 kB | 0/1.6 MB | 6.9/23 kB
Progress (3): 6.9/24 kB | 0/1.6 MB | 6.9/23 kB
Progress (3): 8.2/24 kB | 0/1.6 MB | 6.9/23 kB
Progress (3): 9.6/24 kB | 0/1.6 MB | 6.9/23 kB
Progress (3): 11/24 kB | 0/1.6 MB | 6.9/23 kB
Progress (3): 11/24 kB | 0/1.6 MB | 8.2/23 kB
Progress (3): 11/24 kB | 0/1.6 MB | 9.6/23 kB
Progress (3): 11/24 kB | 0/1.6 MB | 9.6/23 kB
Progress (3): 11/24 kB | 0/1.6 MB | 9.6/23 kB
Progress (3): 11/24 kB | 0/1.6 MB | 9.6/23 kB
Progress (3): 11/24 kB | 0/1.6 MB | 9.6/23 kB
Progress (3): 11/24 kB | 0/1.6 MB | 9.6/23 kB
Progress (3): 11/24 kB | 0/1.6 MB | 11/23 kB
Progress (3): 11/24 kB | 0/1.6 MB | 12/23 kB
Progress (3): 11/24 kB | 0/1.6 MB | 14/23 kB
Progress (3): 12/24 kB | 0/1.6 MB | 14/23 kB
Progress (3): 14/24 kB | 0/1.6 MB | 14/23 kB
Progress (3): 15/24 kB | 0/1.6 MB | 14/23 kB
Progress (3): 16/24 kB | 0/1.6 MB | 14/23 kB
Progress (3): 18/24 kB | 0/1.6 MB | 14/23 kB
Progress (3): 18/24 kB | 0/1.6 MB | 14/23 kB
Progress (3): 18/24 kB | 0/1.6 MB | 14/23 kB
Progress (3): 18/24 kB | 0/1.6 MB | 14/23 kB
Progress (3): 18/24 kB | 0/1.6 MB | 15/23 kB
Progress (3): 18/24 kB | 0/1.6 MB | 16/23 kB
Progress (3): 18/24 kB | 0/1.6 MB | 18/23 kB
Progress (3): 18/24 kB | 0/1.6 MB | 19/23 kB
Progress (3): 18/24 kB | 0/1.6 MB | 21/23 kB
Progress (3): 19/24 kB | 0/1.6 MB | 21/23 kB
Progress (3): 21/24 kB | 0/1.6 MB | 21/23 kB
Progress (3): 22/24 kB | 0/1.6 MB | 21/23 kB
Progress (3): 22/24 kB | 0/1.6 MB | 21/23 kB
Progress (3): 22/24 kB | 0/1.6 MB | 21/23 kB
Progress (3): 22/24 kB | 0/1.6 MB | 21/23 kB
Progress (3): 22/24 kB | 0/1.6 MB | 21/23 kB
Progress (3): 22/24 kB | 0/1.6 MB | 21/23 kB
Progress (3): 22/24 kB | 0/1.6 MB | 22/23 kB
Progress (3): 22/24 kB | 0/1.6 MB | 23 kB
Progress (3): 23/24 kB | 0/1.6 MB | 23 kB
Progress (3): 24 kB | 0/1.6 MB | 23 kB
Progress (3): 24 kB | 0/1.6 MB | 23 kB
Progress (3): 24 kB | 0/1.6 MB | 23 kB
Progress (3): 24 kB | 0/1.6 MB | 23 kB

Downloaded from central: https://repo.maven.apache.org/maven2/org/apache/logging/log4j/log4j-slf4j-impl/2.11.2/log4j-slf4j-impl-2.11.2.jar (23 kB at 187 kB/s)
Progress (2): 24 kB | 0/1.6 MB
Progress (2): 24 kB | 0/1.6 MB
Progress (2): 24 kB | 0/1.6 MB

Downloaded from central: https://repo.maven.apache.org/maven2/org/apache/logging/log4j/log4j-jul/2.11.2/log4j-jul-2.11.2.jar (24 kB at 183 kB/s)
Progress (1): 0/1.6 MB
Progress (1): 0/1.6 MB
Progress (1): 0/1.6 MB
Progress (1): 0/1.6 MB
Progress (1): 0/1.6 MB
Progress (1): 0/1.6 MB
Progress (1): 0/1.6 MB
Progress (1): 0/1.6 MB
Progress (1): 0/1.6 MB
Progress (1): 0/1.6 MB
Progress (1): 0/1.6 MB
Progress (1): 0/1.6 MB
Progress (1): 0.1/1.6 MB
Progress (1): 0.1/1.6 MB
Progress (1): 0.1/1.6 MB
Progress (1): 0.1/1.6 MB
Progress (1): 0.1/1.6 MB
Progress (1): 0.1/1.6 MB
Progress (1): 0.1/1.6 MB
Progress (1): 0.1/1.6 MB
Progress (1): 0.1/1.6 MB
Progress (1): 0.1/1.6 MB
Progress (1): 0.1/1.6 MB
Progress (1): 0.1/1.6 MB
Progress (1): 0.1/1.6 MB
Progress (1): 0.1/1.6 MB
Progress (1): 0.1/1.6 MB
Progress (1): 0.1/1.6 MB
Progress (1): 0.1/1.6 MB
Progress (1): 0.1/1.6 MB
Progress (1): 0.1/1.6 MB
Progress (1): 0.1/1.6 MB
Progress (1): 0.1/1.6 MB
Progress (1): 0.1/1.6 MB
Progress (1): 0.1/1.6 MB
Progress (1): 0.1/1.6 MB
Progress (1): 0.1/1.6 MB
Progress (1): 0.1/1.6 MB
Progress (1): 0.1/1.6 MB
Progress (1): 0.1/1.6 MB
Progress (1): 0.1/1.6 MB
Progress (1): 0.1/1.6 MB
Progress (1): 0.1/1.6 MB
Progress (1): 0.1/1.6 MB
Progress (1): 0.1/1.6 MB
Progress (1): 0.1/1.6 MB
Progress (1): 0.1/1.6 MB
Progress (1): 0.1/1.6 MB
Progress (1): 0.1/1.6 MB
Progress (1): 0.1/1.6 MB
Progress (1): 0.1/1.6 MB
Progress (1): 0.1/1.6 MB
Progress (1): 0.1/1.6 MB
Progress (1): 0.1/1.6 MB
Progress (1): 0.1/1.6 MB
Progress (1): 0.1/1.6 MB
Progress (1): 0.1/1.6 MB
Progress (1): 0.1/1.6 MB
Progress (1): 0.1/1.6 MB
Progress (1): 0.1/1.6 MB
Progress (1): 0.1/1.6 MB
Progress (1): 0.1/1.6 MB
Progress (1): 0.1/1.6 MB
Progress (1): 0.1/1.6 MB
Progress (1): 0.1/1.6 MB
Progress (1): 0.1/1.6 MB
Progress (1): 0.1/1.6 MB
Progress (1): 0.1/1.6 MB
Progress (1): 0.1/1.6 MB
Progress (1): 0.1/1.6 MB
Progress (1): 0.1/1.6 MB
Progress (1): 0.1/1.6 MB
Progress (1): 0.1/1.6 MB
Progress (1): 0.1/1.6 MB
Progress (1): 0.1/1.6 MB
Progress (1): 0.1/1.6 MB
Progress (1): 0.1/1.6 MB
Progress (1): 0.1/1.6 MB
Progress (1): 0.1/1.6 MB
Progress (1): 0.1/1.6 MB
Progress (1): 0.1/1.6 MB
Progress (1): 0.1/1.6 MB
Progress (1): 0.1/1.6 MB
Progress (1): 0.1/1.6 MB
Progress (1): 0.1/1.6 MB
Progress (1): 0.2/1.6 MB
Progress (1): 0.2/1.6 MB
Progress (1): 0.2/1.6 MB
Progress (1): 0.2/1.6 MB
Progress (1): 0.2/1.6 MB
Progress (1): 0.2/1.6 MB
Progress (1): 0.2/1.6 MB
Progress (1): 0.2/1.6 MB
Progress (1): 0.2/1.6 MB
Progress (1): 0.2/1.6 MB
Progress (1): 0.2/1.6 MB
Progress (1): 0.2/1.6 MB
Progress (1): 0.2/1.6 MB
Progress (1): 0.2/1.6 MB
Progress (1): 0.2/1.6 MB
Progress (1): 0.2/1.6 MB
Progress (1): 0.2/1.6 MB
Progress (1): 0.2/1.6 MB
Progress (1): 0.2/1.6 MB
Progress (1): 0.2/1.6 MB
Progress (1): 0.2/1.6 MB
Progress (1): 0.2/1.6 MB
Progress (1): 0.2/1.6 MB
Progress (1): 0.2/1.6 MB
Progress (1): 0.2/1.6 MB
Progress (1): 0.2/1.6 MB
Progress (1): 0.2/1.6 MB
Progress (1): 0.2/1.6 MB
Progress (1): 0.2/1.6 MB
Progress (1): 0.2/1.6 MB
Progress (1): 0.2/1.6 MB
Progress (1): 0.2/1.6 MB
Progress (1): 0.2/1.6 MB
Progress (1): 0.2/1.6 MB
Progress (1): 0.2/1.6 MB
Progress (1): 0.2/1.6 MB
Progress (1): 0.2/1.6 MB
Progress (1): 0.2/1.6 MB
Progress (1): 0.2/1.6 MB
Progress (1): 0.2/1.6 MB
Progress (1): 0.2/1.6 MB
Progress (1): 0.2/1.6 MB
Progress (1): 0.2/1.6 MB
Progress (1): 0.2/1.6 MB
Progress (1): 0.2/1.6 MB
Progress (1): 0.2/1.6 MB
Progress (1): 0.2/1.6 MB
Progress (1): 0.2/1.6 MB
Progress (1): 0.2/1.6 MB
Progress (1): 0.2/1.6 MB
Progress (1): 0.2/1.6 MB
Progress (1): 0.2/1.6 MB
Progress (1): 0.2/1.6 MB
Progress (1): 0.2/1.6 MB
Progress (1): 0.2/1.6 MB
Progress (1): 0.2/1.6 MB
Progress (1): 0.2/1.6 MB
Progress (1): 0.2/1.6 MB
Progress (1): 0.3/1.6 MB
Progress (1): 0.3/1.6 MB
Progress (1): 0.3/1.6 MB
Progress (1): 0.3/1.6 MB
Progress (1): 0.3/1.6 MB
Progress (1): 0.3/1.6 MB
Progress (1): 0.3/1.6 MB
Progress (1): 0.3/1.6 MB
Progress (1): 0.3/1.6 MB
Progress (1): 0.3/1.6 MB
Progress (1): 0.3/1.6 MB
Progress (1): 0.3/1.6 MB
Progress (1): 0.3/1.6 MB
Progress (1): 0.3/1.6 MB
Progress (1): 0.3/1.6 MB
Progress (1): 0.3/1.6 MB
Progress (1): 0.3/1.6 MB
Progress (1): 0.3/1.6 MB
Progress (1): 0.3/1.6 MB
Progress (1): 0.3/1.6 MB
Progress (1): 0.3/1.6 MB
Progress (1): 0.3/1.6 MB
Progress (1): 0.3/1.6 MB
Progress (1): 0.3/1.6 MB
Progress (1): 0.3/1.6 MB
Progress (1): 0.4/1.6 MB
Progress (1): 0.4/1.6 MB
Progress (1): 0.4/1.6 MB
Progress (1): 0.4/1.6 MB
Progress (1): 0.4/1.6 MB
Progress (1): 0.4/1.6 MB
Progress (1): 0.4/1.6 MB
Progress (1): 0.4/1.6 MB
Progress (1): 0.4/1.6 MB
Progress (1): 0.4/1.6 MB
Progress (1): 0.4/1.6 MB
Progress (1): 0.4/1.6 MB
Progress (1): 0.4/1.6 MB
Progress (1): 0.4/1.6 MB
Progress (1): 0.4/1.6 MB
Progress (1): 0.4/1.6 MB
Progress (1): 0.4/1.6 MB
Progress (1): 0.4/1.6 MB
Progress (1): 0.4/1.6 MB
Progress (1): 0.4/1.6 MB
Progress (1): 0.4/1.6 MB
Progress (1): 0.4/1.6 MB
Progress (1): 0.4/1.6 MB
Progress (1): 0.4/1.6 MB
Progress (1): 0.5/1.6 MB
Progress (1): 0.5/1.6 MB
Progress (1): 0.5/1.6 MB
Progress (1): 0.5/1.6 MB
Progress (1): 0.5/1.6 MB
Progress (1): 0.5/1.6 MB
Progress (1): 0.5/1.6 MB
Progress (1): 0.5/1.6 MB
Progress (1): 0.5/1.6 MB
Progress (1): 0.5/1.6 MB
Progress (1): 0.5/1.6 MB
Progress (1): 0.5/1.6 MB
Progress (1): 0.5/1.6 MB
Progress (1): 0.5/1.6 MB
Progress (1): 0.5/1.6 MB
Progress (1): 0.5/1.6 MB
Progress (1): 0.5/1.6 MB
Progress (1): 0.5/1.6 MB
Progress (1): 0.5/1.6 MB
Progress (1): 0.5/1.6 MB
Progress (1): 0.5/1.6 MB
Progress (1): 0.5/1.6 MB
Progress (1): 0.5/1.6 MB
Progress (1): 0.5/1.6 MB
Progress (1): 0.6/1.6 MB
Progress (1): 0.6/1.6 MB
Progress (1): 0.6/1.6 MB
Progress (1): 0.6/1.6 MB
Progress (1): 0.6/1.6 MB
Progress (1): 0.6/1.6 MB
Progress (1): 0.6/1.6 MB
Progress (1): 0.6/1.6 MB
Progress (1): 0.6/1.6 MB
Progress (1): 0.6/1.6 MB
Progress (1): 0.6/1.6 MB
Progress (1): 0.6/1.6 MB
Progress (1): 0.6/1.6 MB
Progress (1): 0.6/1.6 MB
Progress (1): 0.6/1.6 MB
Progress (1): 0.6/1.6 MB
Progress (1): 0.6/1.6 MB
Progress (1): 0.6/1.6 MB
Progress (1): 0.6/1.6 MB
Progress (1): 0.6/1.6 MB
Progress (1): 0.6/1.6 MB
Progress (1): 0.6/1.6 MB
Progress (1): 0.6/1.6 MB
Progress (1): 0.6/1.6 MB
Progress (1): 0.6/1.6 MB
Progress (1): 0.7/1.6 MB
Progress (1): 0.7/1.6 MB
Progress (1): 0.7/1.6 MB
Progress (1): 0.7/1.6 MB
Progress (1): 0.7/1.6 MB
Progress (1): 0.7/1.6 MB
Progress (1): 0.7/1.6 MB
Progress (1): 0.7/1.6 MB
Progress (1): 0.7/1.6 MB
Progress (1): 0.7/1.6 MB
Progress (1): 0.7/1.6 MB
Progress (1): 0.7/1.6 MB
Progress (1): 0.7/1.6 MB
Progress (1): 0.7/1.6 MB
Progress (1): 0.7/1.6 MB
Progress (1): 0.7/1.6 MB
Progress (1): 0.7/1.6 MB
Progress (1): 0.7/1.6 MB
Progress (1): 0.7/1.6 MB
Progress (1): 0.7/1.6 MB
Progress (1): 0.7/1.6 MB
Progress (1): 0.7/1.6 MB
Progress (1): 0.7/1.6 MB
Progress (1): 0.7/1.6 MB
Progress (1): 0.8/1.6 MB
Progress (1): 0.8/1.6 MB
Progress (1): 0.8/1.6 MB
Progress (1): 0.8/1.6 MB
Progress (1): 0.8/1.6 MB
Progress (1): 0.8/1.6 MB
Progress (1): 0.8/1.6 MB
Progress (1): 0.8/1.6 MB
Progress (1): 0.8/1.6 MB
Progress (1): 0.8/1.6 MB
Progress (1): 0.8/1.6 MB
Progress (1): 0.8/1.6 MB
Progress (1): 0.8/1.6 MB
Progress (1): 0.8/1.6 MB
Progress (1): 0.8/1.6 MB
Progress (1): 0.8/1.6 MB
Progress (1): 0.8/1.6 MB
Progress (1): 0.8/1.6 MB
Progress (1): 0.8/1.6 MB
Progress (1): 0.8/1.6 MB
Progress (1): 0.8/1.6 MB
Progress (1): 0.8/1.6 MB
Progress (1): 0.8/1.6 MB
Progress (1): 0.8/1.6 MB
Progress (1): 0.8/1.6 MB
Progress (1): 0.9/1.6 MB
Progress (1): 0.9/1.6 MB
Progress (1): 0.9/1.6 MB
Progress (1): 0.9/1.6 MB
Progress (1): 0.9/1.6 MB
Progress (1): 0.9/1.6 MB
Progress (1): 0.9/1.6 MB
Progress (1): 0.9/1.6 MB
Progress (1): 0.9/1.6 MB
Progress (1): 0.9/1.6 MB
Progress (1): 0.9/1.6 MB
Progress (1): 0.9/1.6 MB
Progress (1): 0.9/1.6 MB
Progress (1): 0.9/1.6 MB
Progress (1): 0.9/1.6 MB
Progress (1): 0.9/1.6 MB
Progress (1): 0.9/1.6 MB
Progress (1): 0.9/1.6 MB
Progress (1): 0.9/1.6 MB
Progress (1): 0.9/1.6 MB
Progress (1): 0.9/1.6 MB
Progress (1): 0.9/1.6 MB
Progress (1): 0.9/1.6 MB
Progress (1): 0.9/1.6 MB
Progress (1): 1.0/1.6 MB
Progress (1): 1.0/1.6 MB
Progress (1): 1.0/1.6 MB
Progress (1): 1.0/1.6 MB
Progress (1): 1.0/1.6 MB
Progress (1): 1.0/1.6 MB
Progress (1): 1.0/1.6 MB
Progress (1): 1.0/1.6 MB
Progress (1): 1.0/1.6 MB
Progress (1): 1.0/1.6 MB
Progress (1): 1.0/1.6 MB
Progress (1): 1.0/1.6 MB
Progress (1): 1.0/1.6 MB
Progress (1): 1.0/1.6 MB
Progress (1): 1.0/1.6 MB
Progress (1): 1.0/1.6 MB
Progress (1): 1.0/1.6 MB
Progress (1): 1.0/1.6 MB
Progress (1): 1.0/1.6 MB
Progress (1): 1.0/1.6 MB
Progress (1): 1.0/1.6 MB
Progress (1): 1.0/1.6 MB
Progress (1): 1.0/1.6 MB
Progress (1): 1.0/1.6 MB
Progress (1): 1.1/1.6 MB
Progress (1): 1.1/1.6 MB
Progress (1): 1.1/1.6 MB
Progress (1): 1.1/1.6 MB
Progress (1): 1.1/1.6 MB
Progress (1): 1.1/1.6 MB
Progress (1): 1.1/1.6 MB
Progress (1): 1.1/1.6 MB
Progress (1): 1.1/1.6 MB
Progress (1): 1.1/1.6 MB
Progress (1): 1.1/1.6 MB
Progress (1): 1.1/1.6 MB
Progress (1): 1.1/1.6 MB
Progress (1): 1.1/1.6 MB
Progress (1): 1.1/1.6 MB
Progress (1): 1.1/1.6 MB
Progress (1): 1.1/1.6 MB
Progress (1): 1.1/1.6 MB
Progress (1): 1.1/1.6 MB
Progress (1): 1.1/1.6 MB
Progress (1): 1.1/1.6 MB
Progress (1): 1.1/1.6 MB
Progress (1): 1.1/1.6 MB
Progress (1): 1.1/1.6 MB
Progress (1): 1.1/1.6 MB
Progress (1): 1.2/1.6 MB
Progress (1): 1.2/1.6 MB
Progress (1): 1.2/1.6 MB
Progress (1): 1.2/1.6 MB
Progress (1): 1.2/1.6 MB
Progress (1): 1.2/1.6 MB
Progress (1): 1.2/1.6 MB
Progress (1): 1.2/1.6 MB
Progress (1): 1.2/1.6 MB
Progress (1): 1.2/1.6 MB
Progress (1): 1.2/1.6 MB
Progress (1): 1.2/1.6 MB
Progress (1): 1.2/1.6 MB
Progress (1): 1.2/1.6 MB
Progress (1): 1.2/1.6 MB
Progress (1): 1.2/1.6 MB
Progress (1): 1.2/1.6 MB
Progress (1): 1.2/1.6 MB
Progress (1): 1.2/1.6 MB
Progress (1): 1.2/1.6 MB
Progress (1): 1.2/1.6 MB
Progress (1): 1.2/1.6 MB
Progress (1): 1.2/1.6 MB
Progress (1): 1.2/1.6 MB
Progress (1): 1.3/1.6 MB
Progress (1): 1.3/1.6 MB
Progress (1): 1.3/1.6 MB
Progress (1): 1.3/1.6 MB
Progress (1): 1.3/1.6 MB
Progress (1): 1.3/1.6 MB
Progress (1): 1.3/1.6 MB
Progress (1): 1.3/1.6 MB
Progress (1): 1.3/1.6 MB
Progress (1): 1.3/1.6 MB
Progress (1): 1.3/1.6 MB
Progress (1): 1.3/1.6 MB
Progress (1): 1.3/1.6 MB
Progress (1): 1.3/1.6 MB
Progress (1): 1.3/1.6 MB
Progress (1): 1.3/1.6 MB
Progress (1): 1.3/1.6 MB
Progress (1): 1.3/1.6 MB
Progress (1): 1.3/1.6 MB
Progress (1): 1.3/1.6 MB
Progress (1): 1.3/1.6 MB
Progress (1): 1.3/1.6 MB
Progress (1): 1.3/1.6 MB
Progress (1): 1.3/1.6 MB
Progress (1): 1.3/1.6 MB
Progress (1): 1.4/1.6 MB
Progress (1): 1.4/1.6 MB
Progress (1): 1.4/1.6 MB
Progress (1): 1.4/1.6 MB
Progress (1): 1.4/1.6 MB
Progress (1): 1.4/1.6 MB
Progress (1): 1.4/1.6 MB
Progress (1): 1.4/1.6 MB
Progress (1): 1.4/1.6 MB
Progress (1): 1.4/1.6 MB
Progress (1): 1.4/1.6 MB
Progress (1): 1.4/1.6 MB
Progress (1): 1.4/1.6 MB
Progress (1): 1.4/1.6 MB
Progress (1): 1.4/1.6 MB
Progress (1): 1.4/1.6 MB
Progress (1): 1.4/1.6 MB
Progress (1): 1.4/1.6 MB
Progress (1): 1.4/1.6 MB
Progress (1): 1.4/1.6 MB
Progress (1): 1.4/1.6 MB
Progress (1): 1.4/1.6 MB
Progress (1): 1.4/1.6 MB
Progress (1): 1.4/1.6 MB
Progress (1): 1.5/1.6 MB
Progress (1): 1.5/1.6 MB
Progress (1): 1.5/1.6 MB
Progress (1): 1.5/1.6 MB
Progress (1): 1.5/1.6 MB
Progress (1): 1.5/1.6 MB
Progress (1): 1.5/1.6 MB
Progress (1): 1.5/1.6 MB
Progress (1): 1.5/1.6 MB
Progress (1): 1.5/1.6 MB
Progress (1): 1.5/1.6 MB
Progress (1): 1.5/1.6 MB
Progress (1): 1.5/1.6 MB
Progress (1): 1.5/1.6 MB
Progress (1): 1.5/1.6 MB
Progress (1): 1.5/1.6 MB
Progress (1): 1.5/1.6 MB
Progress (1): 1.5/1.6 MB
Progress (1): 1.5/1.6 MB
Progress (1): 1.5/1.6 MB
Progress (1): 1.5/1.6 MB
Progress (1): 1.5/1.6 MB
Progress (1): 1.5/1.6 MB
Progress (1): 1.5/1.6 MB
Progress (1): 1.5/1.6 MB
Progress (1): 1.6/1.6 MB
Progress (1): 1.6/1.6 MB
Progress (1): 1.6/1.6 MB
Progress (1): 1.6/1.6 MB
Progress (1): 1.6/1.6 MB
Progress (1): 1.6/1.6 MB
Progress (1): 1.6/1.6 MB
Progress (1): 1.6/1.6 MB
Progress (1): 1.6/1.6 MB
Progress (1): 1.6/1.6 MB
Progress (1): 1.6/1.6 MB
Progress (1): 1.6/1.6 MB
Progress (1): 1.6/1.6 MB
Progress (1): 1.6/1.6 MB
Progress (1): 1.6/1.6 MB
Progress (1): 1.6/1.6 MB
Progress (1): 1.6/1.6 MB
Progress (1): 1.6/1.6 MB
Progress (1): 1.6/1.6 MB
Progress (1): 1.6 MB

Downloaded from central: https://repo.maven.apache.org/maven2/org/apache/logging/log4j/log4j-core/2.11.2/log4j-core-2.11.2.jar (1.6 MB at 2.5 MB/s)
[INFO]
[INFO] --- maven-resources-plugin:3.1.0:resources (default-resources) @ auth-course ---
[INFO] Using 'UTF-8' encoding to copy filtered resources.
[INFO] Copying 1 resource
[INFO] Copying 2 resources
[INFO]
[INFO] --- maven-compiler-plugin:3.8.1:compile (default-compile) @ auth-course ---
[INFO] Changes detected - recompiling the module!
[INFO] Compiling 20 source files to /var/jenkins_home/workspace/project-udacity/projects/P04-eCommerce Application/starter_code/target/classes
[INFO]
[INFO] --- maven-resources-plugin:3.1.0:testResources (default-testResources) @ auth-course ---
[INFO] Using 'UTF-8' encoding to copy filtered resources.
[INFO] skip non existing resourceDirectory /var/jenkins_home/workspace/project-udacity/projects/P04-eCommerce Application/starter_code/src/test/resources
[INFO]
[INFO] --- maven-compiler-plugin:3.8.1:testCompile (default-testCompile) @ auth-course ---
[INFO] Changes detected - recompiling the module!
[INFO] Compiling 6 source files to /var/jenkins_home/workspace/project-udacity/projects/P04-eCommerce Application/starter_code/target/test-classes
[INFO]
[INFO] --- maven-surefire-plugin:2.22.2:test (default-test) @ auth-course ---
[INFO]
[INFO] -------------------------------------------------------
[INFO]  T E S T S
[INFO] -------------------------------------------------------
[INFO] Running com.example.demo.SareetaApplicationTests
2020-08-18 16:30:32,598 main DEBUG Apache Log4j Core 2.11.2 initializing configuration XmlConfiguration[location=/var/jenkins_home/workspace/project-udacity/projects/P04-eCommerce Application/starter_code/target/classes/log4j2.xml]
2020-08-18 16:30:32,609 main DEBUG Installed 1 script engine
2020-08-18 16:30:33,337 main DEBUG Oracle Nashorn version: 1.8.0_212, language: ECMAScript, threading: Not Thread Safe, compile: true, names: [nashorn, Nashorn, js, JS, JavaScript, javascript, ECMAScript, ecmascript], factory class: jdk.nashorn.api.scripting.NashornScriptEngineFactory
2020-08-18 16:30:33,343 main DEBUG PluginManager 'Core' found 117 plugins
2020-08-18 16:30:33,347 main DEBUG PluginManager 'Level' found 0 plugins
2020-08-18 16:30:33,356 main DEBUG PluginManager 'Lookup' found 13 plugins
2020-08-18 16:30:33,364 main DEBUG Building Plugin[name=layout, class=org.apache.logging.log4j.core.layout.PatternLayout].
2020-08-18 16:30:33,389 main DEBUG PluginManager 'TypeConverter' found 26 plugins
2020-08-18 16:30:33,433 main DEBUG PatternLayout$Builder(pattern="%d{HH:mm:ss.SSS} [%t] %-5level %logger{36} - %msg%n", PatternSelector=null, Configuration(/var/jenkins_home/workspace/project-udacity/projects/P04-eCommerce Application/starter_code/target/classes/log4j2.xml), Replace=null, charset="null", alwaysWriteExceptions="null", disableAnsi="null", noConsoleNoAnsi="null", header="null", footer="null")
2020-08-18 16:30:33,443 main DEBUG PluginManager 'Converter' found 47 plugins
2020-08-18 16:30:33,444 main DEBUG Building Plugin[name=appender, class=org.apache.logging.log4j.core.appender.ConsoleAppender].
2020-08-18 16:30:33,471 main DEBUG ConsoleAppender$Builder(target="SYSTEM_OUT", follow="null", direct="null", bufferedIo="null", bufferSize="null", immediateFlush="null", ignoreExceptions="null", PatternLayout(%d{HH:mm:ss.SSS} [%t] %-5level %logger{36} - %msg%n), name="LogToConsole", Configuration(/var/jenkins_home/workspace/project-udacity/projects/P04-eCommerce Application/starter_code/target/classes/log4j2.xml), Filter=null, ={})
2020-08-18 16:30:33,480 main DEBUG Starting OutputStreamManager SYSTEM_OUT.false.false
2020-08-18 16:30:33,486 main DEBUG Building Plugin[name=layout, class=org.apache.logging.log4j.core.layout.PatternLayout].
2020-08-18 16:30:33,487 main DEBUG PatternLayout$Builder(pattern="%d %p %c{1.} [%t] %m%n", PatternSelector=null, Configuration(/var/jenkins_home/workspace/project-udacity/projects/P04-eCommerce Application/starter_code/target/classes/log4j2.xml), Replace=null, charset="null", alwaysWriteExceptions="null", disableAnsi="null", noConsoleNoAnsi="null", header="null", footer="null")
2020-08-18 16:30:33,531 main DEBUG Building Plugin[name=appender, class=org.apache.logging.log4j.core.appender.FileAppender].
2020-08-18 16:30:33,543 main DEBUG FileAppender$Builder(fileName="logs/app.log", append="null", locking="null", advertise="null", advertiseUri="null", createOnDemand="null", filePermissions="null", fileOwner="null", fileGroup="null", bufferedIo="null", bufferSize="null", immediateFlush="null", ignoreExceptions="null", PatternLayout(%d %p %c{1.} [%t] %m%n), name="LogToFile", Configuration(/var/jenkins_home/workspace/project-udacity/projects/P04-eCommerce Application/starter_code/target/classes/log4j2.xml), Filter=null, ={})
2020-08-18 16:30:33,546 main DEBUG Starting FileManager logs/app.log
2020-08-18 16:30:33,562 main DEBUG Building Plugin[name=appenders, class=org.apache.logging.log4j.core.config.AppendersPlugin].
2020-08-18 16:30:33,564 main DEBUG createAppenders(={LogToConsole, LogToFile})
2020-08-18 16:30:33,567 main DEBUG Building Plugin[name=AppenderRef, class=org.apache.logging.log4j.core.config.AppenderRef].
2020-08-18 16:30:33,586 main DEBUG createAppenderRef(ref="LogToFile", level="null", Filter=null)
2020-08-18 16:30:33,587 main DEBUG Building Plugin[name=AppenderRef, class=org.apache.logging.log4j.core.config.AppenderRef].
2020-08-18 16:30:33,592 main DEBUG createAppenderRef(ref="LogToConsole", level="null", Filter=null)
2020-08-18 16:30:33,593 main DEBUG Building Plugin[name=logger, class=org.apache.logging.log4j.core.config.LoggerConfig].
2020-08-18 16:30:33,596 main DEBUG createLogger(additivity="false", level="DEBUG", name="com.example.demo", includeLocation="null", ={LogToFile, LogToConsole}, ={}, Configuration(/var/jenkins_home/workspace/project-udacity/projects/P04-eCommerce Application/starter_code/target/classes/log4j2.xml), Filter=null)
2020-08-18 16:30:33,601 main DEBUG Building Plugin[name=AppenderRef, class=org.apache.logging.log4j.core.config.AppenderRef].
2020-08-18 16:30:33,612 main DEBUG createAppenderRef(ref="LogToConsole", level="null", Filter=null)
2020-08-18 16:30:33,612 main DEBUG Building Plugin[name=logger, class=org.apache.logging.log4j.core.config.LoggerConfig].
2020-08-18 16:30:33,616 main DEBUG createLogger(additivity="false", level="ERROR", name="org.springframework.boot", includeLocation="null", ={LogToConsole}, ={}, Configuration(/var/jenkins_home/workspace/project-udacity/projects/P04-eCommerce Application/starter_code/target/classes/log4j2.xml), Filter=null)
2020-08-18 16:30:33,621 main DEBUG Building Plugin[name=AppenderRef, class=org.apache.logging.log4j.core.config.AppenderRef].
2020-08-18 16:30:33,623 main DEBUG createAppenderRef(ref="LogToFile", level="null", Filter=null)
2020-08-18 16:30:33,627 main DEBUG Building Plugin[name=AppenderRef, class=org.apache.logging.log4j.core.config.AppenderRef].
2020-08-18 16:30:33,631 main DEBUG createAppenderRef(ref="LogToConsole", level="null", Filter=null)
2020-08-18 16:30:33,632 main DEBUG Building Plugin[name=root, class=org.apache.logging.log4j.core.config.LoggerConfig$RootLogger].
2020-08-18 16:30:33,634 main DEBUG createLogger(additivity="null", level="ERROR", includeLocation="null", ={LogToFile, LogToConsole}, ={}, Configuration(/var/jenkins_home/workspace/project-udacity/projects/P04-eCommerce Application/starter_code/target/classes/log4j2.xml), Filter=null)
2020-08-18 16:30:33,636 main DEBUG Building Plugin[name=loggers, class=org.apache.logging.log4j.core.config.LoggersPlugin].
2020-08-18 16:30:33,641 main DEBUG createLoggers(={com.example.demo, org.springframework.boot, root})
2020-08-18 16:30:33,647 main DEBUG Configuration XmlConfiguration[location=/var/jenkins_home/workspace/project-udacity/projects/P04-eCommerce Application/starter_code/target/classes/log4j2.xml] initialized
2020-08-18 16:30:33,648 main DEBUG Starting configuration XmlConfiguration[location=/var/jenkins_home/workspace/project-udacity/projects/P04-eCommerce Application/starter_code/target/classes/log4j2.xml]
2020-08-18 16:30:33,649 main DEBUG Started configuration XmlConfiguration[location=/var/jenkins_home/workspace/project-udacity/projects/P04-eCommerce Application/starter_code/target/classes/log4j2.xml] OK.
2020-08-18 16:30:33,652 main DEBUG Shutting down OutputStreamManager SYSTEM_OUT.false.false-1
2020-08-18 16:30:33,653 main DEBUG Shut down OutputStreamManager SYSTEM_OUT.false.false-1, all resources released: true
2020-08-18 16:30:33,654 main DEBUG Appender DefaultConsole-1 stopped with status true
2020-08-18 16:30:33,655 main DEBUG Stopped org.apache.logging.log4j.core.config.DefaultConfiguration@5419f379 OK
2020-08-18 16:30:33,805 main DEBUG Registering MBean org.apache.logging.log4j2:type=3d4eac69
2020-08-18 16:30:33,815 main DEBUG Registering MBean org.apache.logging.log4j2:type=3d4eac69,component=StatusLogger
2020-08-18 16:30:33,817 main DEBUG Registering MBean org.apache.logging.log4j2:type=3d4eac69,component=ContextSelector
2020-08-18 16:30:33,827 main DEBUG Registering MBean org.apache.logging.log4j2:type=3d4eac69,component=Loggers,name=org.springframework.boot
2020-08-18 16:30:33,828 main DEBUG Registering MBean org.apache.logging.log4j2:type=3d4eac69,component=Loggers,name=
2020-08-18 16:30:33,829 main DEBUG Registering MBean org.apache.logging.log4j2:type=3d4eac69,component=Loggers,name=com.example.demo
2020-08-18 16:30:33,830 main DEBUG Registering MBean org.apache.logging.log4j2:type=3d4eac69,component=Appenders,name=LogToConsole
2020-08-18 16:30:33,835 main DEBUG Registering MBean org.apache.logging.log4j2:type=3d4eac69,component=Appenders,name=LogToFile
2020-08-18 16:30:33,842 main DEBUG org.apache.logging.log4j.core.util.SystemClock does not support precise timestamps.
2020-08-18 16:30:33,856 main DEBUG Reconfiguration complete for context[name=3d4eac69] at URI /var/jenkins_home/workspace/project-udacity/projects/P04-eCommerce Application/starter_code/target/classes/log4j2.xml (org.apache.logging.log4j.core.LoggerContext@29d89d5d) with optional ClassLoader: null
2020-08-18 16:30:33,856 main DEBUG Shutdown hook enabled. Registering a new one.
2020-08-18 16:30:33,858 main DEBUG LoggerContext[name=3d4eac69, org.apache.logging.log4j.core.LoggerContext@29d89d5d] started OK.
2020-08-18 16:30:34,940 main DEBUG Reconfiguration started for context[name=3d4eac69] at URI null (org.apache.logging.log4j.core.LoggerContext@29d89d5d) with optional ClassLoader: null
2020-08-18 16:30:34,941 main DEBUG Using configurationFactory org.apache.logging.log4j.core.config.ConfigurationFactory$Factory@3a3e78f
2020-08-18 16:30:34,954 main INFO Log4j appears to be running in a Servlet environment, but there's no log4j-web module available. If you want better web container support, please add the log4j-web JAR to your web archive or server lib directory.
2020-08-18 16:30:34,960 main DEBUG Closing BufferedInputStream java.io.BufferedInputStream@301ec38b
2020-08-18 16:30:34,972 main DEBUG Apache Log4j Core 2.11.2 initializing configuration XmlConfiguration[location=/var/jenkins_home/workspace/project-udacity/projects/P04-eCommerce Application/starter_code/target/classes/log4j2.xml]
2020-08-18 16:30:34,975 main DEBUG Installed 1 script engine
2020-08-18 16:30:35,010 main DEBUG Oracle Nashorn version: 1.8.0_212, language: ECMAScript, threading: Not Thread Safe, compile: true, names: [nashorn, Nashorn, js, JS, JavaScript, javascript, ECMAScript, ecmascript], factory class: jdk.nashorn.api.scripting.NashornScriptEngineFactory
2020-08-18 16:30:35,017 main DEBUG PluginManager 'Core' found 117 plugins
2020-08-18 16:30:35,018 main DEBUG PluginManager 'Level' found 0 plugins
2020-08-18 16:30:35,024 main DEBUG PluginManager 'Lookup' found 13 plugins
2020-08-18 16:30:35,026 main DEBUG Building Plugin[name=layout, class=org.apache.logging.log4j.core.layout.PatternLayout].
2020-08-18 16:30:35,029 main DEBUG PatternLayout$Builder(pattern="%d{HH:mm:ss.SSS} [%t] %-5level %logger{36} - %msg%n", PatternSelector=null, Configuration(/var/jenkins_home/workspace/project-udacity/projects/P04-eCommerce Application/starter_code/target/classes/log4j2.xml), Replace=null, charset="null", alwaysWriteExceptions="null", disableAnsi="null", noConsoleNoAnsi="null", header="null", footer="null")
2020-08-18 16:30:35,030 main DEBUG PluginManager 'Converter' found 47 plugins
2020-08-18 16:30:35,031 main DEBUG Building Plugin[name=appender, class=org.apache.logging.log4j.core.appender.ConsoleAppender].
2020-08-18 16:30:35,034 main DEBUG ConsoleAppender$Builder(target="SYSTEM_OUT", follow="null", direct="null", bufferedIo="null", bufferSize="null", immediateFlush="null", ignoreExceptions="null", PatternLayout(%d{HH:mm:ss.SSS} [%t] %-5level %logger{36} - %msg%n), name="LogToConsole", Configuration(/var/jenkins_home/workspace/project-udacity/projects/P04-eCommerce Application/starter_code/target/classes/log4j2.xml), Filter=null, ={})
2020-08-18 16:30:35,044 main DEBUG Building Plugin[name=layout, class=org.apache.logging.log4j.core.layout.PatternLayout].
2020-08-18 16:30:35,049 main DEBUG PatternLayout$Builder(pattern="%d %p %c{1.} [%t] %m%n", PatternSelector=null, Configuration(/var/jenkins_home/workspace/project-udacity/projects/P04-eCommerce Application/starter_code/target/classes/log4j2.xml), Replace=null, charset="null", alwaysWriteExceptions="null", disableAnsi="null", noConsoleNoAnsi="null", header="null", footer="null")
2020-08-18 16:30:35,055 main DEBUG Building Plugin[name=appender, class=org.apache.logging.log4j.core.appender.FileAppender].
2020-08-18 16:30:35,056 main DEBUG FileAppender$Builder(fileName="logs/app.log", append="null", locking="null", advertise="null", advertiseUri="null", createOnDemand="null", filePermissions="null", fileOwner="null", fileGroup="null", bufferedIo="null", bufferSize="null", immediateFlush="null", ignoreExceptions="null", PatternLayout(%d %p %c{1.} [%t] %m%n), name="LogToFile", Configuration(/var/jenkins_home/workspace/project-udacity/projects/P04-eCommerce Application/starter_code/target/classes/log4j2.xml), Filter=null, ={})
2020-08-18 16:30:35,058 main DEBUG Building Plugin[name=appenders, class=org.apache.logging.log4j.core.config.AppendersPlugin].
2020-08-18 16:30:35,059 main DEBUG createAppenders(={LogToConsole, LogToFile})
2020-08-18 16:30:35,062 main DEBUG Building Plugin[name=AppenderRef, class=org.apache.logging.log4j.core.config.AppenderRef].
2020-08-18 16:30:35,063 main DEBUG createAppenderRef(ref="LogToFile", level="null", Filter=null)
2020-08-18 16:30:35,063 main DEBUG Building Plugin[name=AppenderRef, class=org.apache.logging.log4j.core.config.AppenderRef].
2020-08-18 16:30:35,064 main DEBUG createAppenderRef(ref="LogToConsole", level="null", Filter=null)
2020-08-18 16:30:35,064 main DEBUG Building Plugin[name=logger, class=org.apache.logging.log4j.core.config.LoggerConfig].
2020-08-18 16:30:35,065 main DEBUG createLogger(additivity="false", level="DEBUG", name="com.example.demo", includeLocation="null", ={LogToFile, LogToConsole}, ={}, Configuration(/var/jenkins_home/workspace/project-udacity/projects/P04-eCommerce Application/starter_code/target/classes/log4j2.xml), Filter=null)
2020-08-18 16:30:35,073 main DEBUG Building Plugin[name=AppenderRef, class=org.apache.logging.log4j.core.config.AppenderRef].
2020-08-18 16:30:35,074 main DEBUG createAppenderRef(ref="LogToConsole", level="null", Filter=null)
2020-08-18 16:30:35,083 main DEBUG Building Plugin[name=logger, class=org.apache.logging.log4j.core.config.LoggerConfig].
2020-08-18 16:30:35,084 main DEBUG createLogger(additivity="false", level="ERROR", name="org.springframework.boot", includeLocation="null", ={LogToConsole}, ={}, Configuration(/var/jenkins_home/workspace/project-udacity/projects/P04-eCommerce Application/starter_code/target/classes/log4j2.xml), Filter=null)
2020-08-18 16:30:35,084 main DEBUG Building Plugin[name=AppenderRef, class=org.apache.logging.log4j.core.config.AppenderRef].
2020-08-18 16:30:35,085 main DEBUG createAppenderRef(ref="LogToFile", level="null", Filter=null)
2020-08-18 16:30:35,086 main DEBUG Building Plugin[name=AppenderRef, class=org.apache.logging.log4j.core.config.AppenderRef].
2020-08-18 16:30:35,090 main DEBUG createAppenderRef(ref="LogToConsole", level="null", Filter=null)
2020-08-18 16:30:35,091 main DEBUG Building Plugin[name=root, class=org.apache.logging.log4j.core.config.LoggerConfig$RootLogger].
2020-08-18 16:30:35,091 main DEBUG createLogger(additivity="null", level="ERROR", includeLocation="null", ={LogToFile, LogToConsole}, ={}, Configuration(/var/jenkins_home/workspace/project-udacity/projects/P04-eCommerce Application/starter_code/target/classes/log4j2.xml), Filter=null)
2020-08-18 16:30:35,095 main DEBUG Building Plugin[name=loggers, class=org.apache.logging.log4j.core.config.LoggersPlugin].
2020-08-18 16:30:35,095 main DEBUG createLoggers(={com.example.demo, org.springframework.boot, root})
2020-08-18 16:30:35,097 main DEBUG Configuration XmlConfiguration[location=/var/jenkins_home/workspace/project-udacity/projects/P04-eCommerce Application/starter_code/target/classes/log4j2.xml] initialized
2020-08-18 16:30:35,098 main DEBUG Starting configuration XmlConfiguration[location=/var/jenkins_home/workspace/project-udacity/projects/P04-eCommerce Application/starter_code/target/classes/log4j2.xml]
2020-08-18 16:30:35,099 main DEBUG Started configuration XmlConfiguration[location=/var/jenkins_home/workspace/project-udacity/projects/P04-eCommerce Application/starter_code/target/classes/log4j2.xml] OK.
2020-08-18 16:30:35,102 main DEBUG Appender LogToFile stopped with status true
2020-08-18 16:30:35,111 main DEBUG Appender LogToConsole stopped with status true
2020-08-18 16:30:35,115 main DEBUG Stopped XmlConfiguration[location=/var/jenkins_home/workspace/project-udacity/projects/P04-eCommerce Application/starter_code/target/classes/log4j2.xml] OK
2020-08-18 16:30:35,118 main DEBUG Registering MBean org.apache.logging.log4j2:type=3d4eac69
2020-08-18 16:30:35,119 main DEBUG Registering MBean org.apache.logging.log4j2:type=3d4eac69,component=StatusLogger
2020-08-18 16:30:35,120 main DEBUG Registering MBean org.apache.logging.log4j2:type=3d4eac69,component=ContextSelector
2020-08-18 16:30:35,120 main DEBUG Registering MBean org.apache.logging.log4j2:type=3d4eac69,component=Loggers,name=org.springframework.boot
2020-08-18 16:30:35,121 main DEBUG Registering MBean org.apache.logging.log4j2:type=3d4eac69,component=Loggers,name=
2020-08-18 16:30:35,124 main DEBUG Registering MBean org.apache.logging.log4j2:type=3d4eac69,component=Loggers,name=com.example.demo
2020-08-18 16:30:35,126 main DEBUG Registering MBean org.apache.logging.log4j2:type=3d4eac69,component=Appenders,name=LogToConsole
2020-08-18 16:30:35,127 main DEBUG Registering MBean org.apache.logging.log4j2:type=3d4eac69,component=Appenders,name=LogToFile
2020-08-18 16:30:35,128 main DEBUG Reconfiguration complete for context[name=3d4eac69] at URI /var/jenkins_home/workspace/project-udacity/projects/P04-eCommerce Application/starter_code/target/classes/log4j2.xml (org.apache.logging.log4j.core.LoggerContext@29d89d5d) with optional ClassLoader: null

  .   ____          _            __ _ _
 /\\ / ___'_ __ _ _(_)_ __  __ _ \ \ \ \
( ( )\___ | '_ | '_| | '_ \/ _` | \ \ \ \
 \\/  ___)| |_)| | | | | || (_| |  ) ) ) )
  '  |____| .__|_| |_|_| |_\__, | / / / /
 =========|_|==============|___/=/_/_/_/
 :: Spring Boot ::        (v2.1.5.RELEASE)

16:30:35.413 [main] INFO  com.example.demo.SareetaApplicationTests - Starting SareetaApplicationTests on 6c8f780e29fe with PID 3035 (started by root in /var/jenkins_home/workspace/project-udacity/projects/P04-eCommerce Application/starter_code)
2020-08-18 16:30:35,435 main DEBUG AsyncLogger.ThreadNameStrategy=UNCACHED (user specified null, default is UNCACHED)
2020-08-18 16:30:35,439 main DEBUG org.apache.logging.log4j.core.util.SystemClock does not support precise timestamps.
16:30:35.448 [main] DEBUG com.example.demo.SareetaApplicationTests - Running with Spring Boot v2.1.5.RELEASE, Spring v5.1.7.RELEASE
16:30:35.455 [main] INFO  com.example.demo.SareetaApplicationTests - No active profile set, falling back to default profiles: default
16:30:48.396 [main] INFO  com.example.demo.SareetaApplicationTests - Started SareetaApplicationTests in 13.721 seconds (JVM running for 17.47)
[INFO] Tests run: 1, Failures: 0, Errors: 0, Skipped: 0, Time elapsed: 16.78 s - in com.example.demo.SareetaApplicationTests
[INFO] Running com.example.demo.controllers.ItemControllerTest
[INFO] Tests run: 3, Failures: 0, Errors: 0, Skipped: 0, Time elapsed: 0.311 s - in com.example.demo.controllers.ItemControllerTest
[INFO] Running com.example.demo.controllers.CartControllerTest
[INFO] Tests run: 2, Failures: 0, Errors: 0, Skipped: 0, Time elapsed: 0.211 s - in com.example.demo.controllers.CartControllerTest
[INFO] Running com.example.demo.controllers.OrderControllerTest
16:30:49.304 [main] INFO  com.example.demo.SareetaApplication - Order successfully submitted by user test
[INFO] Tests run: 2, Failures: 0, Errors: 0, Skipped: 0, Time elapsed: 0.084 s - in com.example.demo.controllers.OrderControllerTest
[INFO] Running com.example.demo.controllers.UserControllerTest
16:30:49.348 [main] INFO  com.example.demo.SareetaApplication - User successfully create with username test
[INFO] Tests run: 3, Failures: 0, Errors: 0, Skipped: 0, Time elapsed: 0.047 s - in com.example.demo.controllers.UserControllerTest
[INFO]
[INFO] Results:
[INFO]
[INFO] Tests run: 11, Failures: 0, Errors: 0, Skipped: 0
[INFO]
[INFO]
[INFO] --- maven-jar-plugin:3.1.1:jar (default-jar) @ auth-course ---
[INFO] Building jar: /var/jenkins_home/workspace/project-udacity/projects/P04-eCommerce Application/starter_code/target/auth-course-0.0.1-SNAPSHOT.jar
[INFO]
[INFO] --- spring-boot-maven-plugin:2.1.5.RELEASE:repackage (repackage) @ auth-course ---
[INFO] Replacing main artifact with repackaged archive
[INFO] ------------------------------------------------------------------------
[INFO] BUILD SUCCESS
[INFO] ------------------------------------------------------------------------
[INFO] Total time:  30.839 s
[INFO] Finished at: 2020-08-18T16:30:51Z
[INFO] ------------------------------------------------------------------------
Finished: SUCCESS